build/outputs/logs/manifest-merger-debug-report.txt
-- Merging decision tree log ---
manifest
ADDED from redcross\AndroidManifest.xml:2:1-83:12
	package
		ADDED from redcross\AndroidManifest.xml:3:5-41
	android:versionName
		ADDED from redcross\AndroidManifest.xml:5:5-30
	android:versionCode
		ADDED from redcross\AndroidManifest.xml:4:5-28
		INJECTED from redcross\AndroidManifest.xml
		INJECTED from redcross\AndroidManifest.xml
	xmlns:android
		ADDED from redcross\AndroidManifest.xml:2:11-69
uses-sdk
ADDED from redcross\AndroidManifest.xml:7:5-9:41
	android:targetSdkVersion
		ADDED from redcross\AndroidManifest.xml:9:9-38
	android:minSdkVersion
		ADDED from redcross\AndroidManifest.xml:8:9-35
uses-permission#android.permission.WRITE_EXTERNAL_STORAGE
ADDED from redcross\AndroidManifest.xml:11:5-81
	android:name
		ADDED from redcross\AndroidManifest.xml:11:22-78
uses-permission#android.permission.READ_EXTERNAL_STORAGE
ADDED from redcross\AndroidManifest.xml:12:5-80
	android:name
		ADDED from redcross\AndroidManifest.xml:12:22-77
uses-permission#android.permission.MANAGE_DOCUMENTS
ADDED from redcross\AndroidManifest.xml:13:5-75
	android:name
		ADDED from redcross\AndroidManifest.xml:13:22-72
uses-permission#android.permission.MOUNT_UNMOUNT_FILESYSTEMS
ADDED from redcross\AndroidManifest.xml:14:5-84
	android:name
		ADDED from redcross\AndroidManifest.xml:14:22-81
uses-permission#android.permission.INTERACT_ACROSS_USERS_FULL
ADDED from redcross\AndroidManifest.xml:15:5-85
	android:name
		ADDED from redcross\AndroidManifest.xml:15:22-82
uses-permission#android.permission.READ_CONTACTS
ADDED from redcross\AndroidManifest.xml:17:5-72
	android:name
		ADDED from redcross\AndroidManifest.xml:17:22-69
uses-permission#android.permission.RECEIVE_SMS
ADDED from redcross\AndroidManifest.xml:18:5-70
	android:name
		ADDED from redcross\AndroidManifest.xml:18:22-67
uses-permission#com.dingshi.dingshiandroid.permission.JPUSH_MESSAGE
ADDED from redcross\AndroidManifest.xml:20:5-91
	android:name
		ADDED from redcross\AndroidManifest.xml:20:22-88
uses-permission#android.permission.RECEIVE_USER_PRESENT
ADDED from redcross\AndroidManifest.xml:21:5-79
	android:name
		ADDED from redcross\AndroidManifest.xml:21:22-76
uses-permission#android.permission.INTERNET
ADDED from redcross\AndroidManifest.xml:22:5-67
	android:name
		ADDED from redcross\AndroidManifest.xml:22:22-64
uses-permission#android.permission.WAKE_LOCK
ADDED from redcross\AndroidManifest.xml:23:5-68
	android:name
		ADDED from redcross\AndroidManifest.xml:23:22-65
uses-permission#android.permission.READ_PHONE_STATE
ADDED from redcross\AndroidManifest.xml:24:5-75
	android:name
		ADDED from redcross\AndroidManifest.xml:24:22-72
uses-permission#android.permission.WRITE_SETTINGS
ADDED from redcross\AndroidManifest.xml:25:5-73
	android:name
		ADDED from redcross\AndroidManifest.xml:25:22-70
uses-permission#android.permission.VIBRATE
ADDED from redcross\AndroidManifest.xml:26:5-66
	android:name
		ADDED from redcross\AndroidManifest.xml:26:22-63
uses-permission#android.permission.ACCESS_NETWORK_STATE
ADDED from redcross\AndroidManifest.xml:27:5-79
	android:name
		ADDED from redcross\AndroidManifest.xml:27:22-76
uses-permission#android.permission.ACCESS_WIFI_STATE
ADDED from redcross\AndroidManifest.xml:28:5-76
	android:name
		ADDED from redcross\AndroidManifest.xml:28:22-73
uses-permission#android.permission.SYSTEM_ALERT_WINDOW
ADDED from redcross\AndroidManifest.xml:29:5-78
	android:name
		ADDED from redcross\AndroidManifest.xml:29:22-75
uses-permission#android.permission.ACCESS_COARSE_LOCATION
ADDED from redcross\AndroidManifest.xml:32:5-81
	android:name
		ADDED from redcross\AndroidManifest.xml:32:22-78
uses-permission#android.permission.CHANGE_WIFI_STATE
ADDED from redcross\AndroidManifest.xml:33:5-76
	android:name
		ADDED from redcross\AndroidManifest.xml:33:22-73
uses-permission#android.permission.ACCESS_FINE_LOCATION
ADDED from redcross\AndroidManifest.xml:34:5-79
	android:name
		ADDED from redcross\AndroidManifest.xml:34:22-76
uses-permission#android.permission.ACCESS_LOCATION_EXTRA_COMMANDS
ADDED from redcross\AndroidManifest.xml:35:5-89
	android:name
		ADDED from redcross\AndroidManifest.xml:35:22-86
uses-permission#android.permission.CHANGE_NETWORK_STATE
ADDED from redcross\AndroidManifest.xml:36:5-79
	android:name
		ADDED from redcross\AndroidManifest.xml:36:22-76
uses-permission#android.permission.CALL_PHONE
ADDED from redcross\AndroidManifest.xml:37:5-69
	android:name
		ADDED from redcross\AndroidManifest.xml:37:22-66
application
ADDED from redcross\AndroidManifest.xml:39:5-81:19
	android:label
		ADDED from redcross\AndroidManifest.xml:43:9-41
	android:allowBackup
		ADDED from redcross\AndroidManifest.xml:41:9-35
	android:icon
		ADDED from redcross\AndroidManifest.xml:42:9-45
	android:theme
		ADDED from redcross\AndroidManifest.xml:44:9-40
	android:name
		ADDED from redcross\AndroidManifest.xml:40:9-45
service#com.hongshi.hongshiandroid.service.UpdateService
ADDED from redcross\AndroidManifest.xml:45:9-66
	android:name
		ADDED from redcross\AndroidManifest.xml:45:18-55
service#com.hongshi.hongshiandroid.service.MqttService
ADDED from redcross\AndroidManifest.xml:46:9-64
	android:name
		ADDED from redcross\AndroidManifest.xml:46:18-53
receiver#com.hongshi.hongshiandroid.service.WifiBroad
ADDED from redcross\AndroidManifest.xml:47:9-53:20
	android:label
		ADDED from redcross\AndroidManifest.xml:49:13-45
	android:name
		ADDED from redcross\AndroidManifest.xml:48:13-72
intent-filter#android.net.wifi.WIFI_STATE_CHANGED
ADDED from redcross\AndroidManifest.xml:50:13-52:29
action#android.net.wifi.WIFI_STATE_CHANGED
ADDED from redcross\AndroidManifest.xml:51:17-77
	android:name
		ADDED from redcross\AndroidManifest.xml:51:25-75
activity#com.hongshi.hongshiandroid.GuideActivity
ADDED from redcross\AndroidManifest.xml:54:9-64:20
	android:screenOrientation
		ADDED from redcross\AndroidManifest.xml:57:13-50
	android:configChanges
		ADDED from redcross\AndroidManifest.xml:56:13-63
	android:theme
		ADDED from redcross\AndroidManifest.xml:58:13-77
	android:name
		ADDED from redcross\AndroidManifest.xml:55:13-42
intent-filter#android.intent.action.MAIN+android.intent.category.LAUNCHER
ADDED from redcross\AndroidManifest.xml:59:13-63:29
action#android.intent.action.MAIN
ADDED from redcross\AndroidManifest.xml:60:17-69
	android:name
		ADDED from redcross\AndroidManifest.xml:60:25-66
category#android.intent.category.LAUNCHER
ADDED from redcross\AndroidManifest.xml:62:17-77
	android:name
		ADDED from redcross\AndroidManifest.xml:62:27-74
activity#com.hongshi.hongshiandroid.LoginActivity
ADDED from redcross\AndroidManifest.xml:65:9-69:78
	android:screenOrientation
		ADDED from redcross\AndroidManifest.xml:68:13-50
	android:configChanges
		ADDED from redcross\AndroidManifest.xml:67:13-63
	android:theme
		ADDED from redcross\AndroidManifest.xml:69:13-66
	android:name
		ADDED from redcross\AndroidManifest.xml:66:13-42
activity#com.hongshi.hongshiandroid.MainActivity
ADDED from redcross\AndroidManifest.xml:70:9-74:78
	android:screenOrientation
		ADDED from redcross\AndroidManifest.xml:73:13-50
	android:configChanges
		ADDED from redcross\AndroidManifest.xml:72:13-63
	android:theme
		ADDED from redcross\AndroidManifest.xml:74:13-66
	android:name
		ADDED from redcross\AndroidManifest.xml:71:13-41
activity#com.hongshi.hongshiandroid.VideoActivity
ADDED from redcross\AndroidManifest.xml:75:9-78:78
	android:screenOrientation
		ADDED from redcross\AndroidManifest.xml:77:13-50
	android:configChanges
		ADDED from redcross\AndroidManifest.xml:76:13-63
	android:theme
		ADDED from redcross\AndroidManifest.xml:78:13-66
	android:name
		ADDED from redcross\AndroidManifest.xml:75:19-48